  GA.cpp
C:\Users\Ian Chang\source\repos\GA\GA\GA.cpp(20,31): warning C4018: '<': signed/unsigned 不相符
C:\Users\Ian Chang\source\repos\GA\GA\GA.cpp(30,19): warning C4018: '<': signed/unsigned 不相符
C:\Users\Ian Chang\source\repos\GA\GA\GA.cpp(47,19): warning C4018: '<': signed/unsigned 不相符
C:\Users\Ian Chang\source\repos\GA\GA\GA.cpp(51,19): warning C4018: '<': signed/unsigned 不相符
C:\Users\Ian Chang\source\repos\GA\GA\GA.cpp(54,20): warning C4018: '<': signed/unsigned 不相符
C:\Users\Ian Chang\source\repos\GA\GA\GA.cpp(70,19): warning C4018: '<': signed/unsigned 不相符
C:\Users\Ian Chang\source\repos\GA\GA\GA.cpp(92,19): warning C4018: '<': signed/unsigned 不相符
C:\Users\Ian Chang\source\repos\GA\GA\GA.cpp(106,12): warning C4244: '引數': 將 'time_t' 轉換為 'unsigned int'，由於類型不同，可能導致資料遺失
C:\Users\Ian Chang\source\repos\GA\GA\GA.cpp(121,21): warning C4018: '<': signed/unsigned 不相符
C:\Users\Ian Chang\source\repos\GA\GA\GA.cpp(125,26): warning C4244: '=': 將 '_Ty' 轉換為 'int'，由於類型不同，可能導致資料遺失
          with
          [
              _Ty=double
          ]
C:\Program Files (x86)\Microsoft Visual Studio\2019\Enterprise\VC\Tools\MSVC\14.28.29333\include\numeric(35,26): warning C4244: '=': 將 'double' 轉換為 '_Ty'，由於類型不同，可能導致資料遺失
          with
          [
              _Ty=int
          ]
C:\Program Files (x86)\Microsoft Visual Studio\2019\Enterprise\VC\Tools\MSVC\14.28.29333\include\numeric(44): message : 請參考正在進行編譯的函式 樣板 具現化 '_Ty std::accumulate<_InIt,_Ty,std::plus<void>>(const _InIt,const _InIt,_Ty,_Fn)'
          with
          [
              _Ty=int,
              _InIt=std::_Vector_iterator<std::_Vector_val<std::_Simple_types<double>>>,
              _Fn=std::plus<void>
          ]
C:\Users\Ian Chang\source\repos\GA\GA\GA.cpp(43): message : 請參考正在進行編譯的函式 樣板 具現化 '_Ty std::accumulate<std::_Vector_iterator<std::_Vector_val<std::_Simple_types<double>>>,int>(const _InIt,const _InIt,_Ty)'
          with
          [
              _Ty=int,
              _InIt=std::_Vector_iterator<std::_Vector_val<std::_Simple_types<double>>>
          ]
  GA.vcxproj -> C:\Users\Ian Chang\source\repos\GA\Debug\GA.exe
